<!DOCTYPE html PUBLIC "-//W3C//DTD XHTML 1.1//EN" "http://www.w3.org/TR/xhtml11/DTD/xhtml11.dtd">
<html xmlns="http://www.w3.org/1999/xhtml"><head><title>TestNG Report</title><style type="text/css">table {margin-bottom:10px;border-collapse:collapse;empty-cells:show}th,td {border:1px solid #009;padding:.25em .5em}th {vertical-align:bottom}td {vertical-align:top}table a {font-weight:bold}.stripe td {background-color: #E6EBF9}.num {text-align:right}.passedodd td {background-color: #3F3}.passedeven td {background-color: #0A0}.skippedodd td {background-color: #DDD}.skippedeven td {background-color: #CCC}.failedodd td,.attn {background-color: #F33}.failedeven td,.stripe .attn {background-color: #D00}.stacktrace {white-space:pre;font-family:monospace}.totop {font-size:85%;text-align:center;border-bottom:2px solid #000}</style></head><body><table><tr><th>Test</th><th># Passed</th><th># Skipped</th><th># Failed</th><th>Time (ms)</th><th>Included Groups</th><th>Excluded Groups</th></tr><tr><th colspan="7">Default suite</th></tr><tr><td><a href="#t0">Default test</a></td><td class="num">6</td><td class="num">0</td><td class="num attn">1</td><td class="num">90,464</td><td></td><td></td></tr></table><table><thead><tr><th>Class</th><th>Method</th><th>Start</th><th>Time (ms)</th></tr></thead><tbody><tr><th colspan="4">Default suite</th></tr></tbody><tbody id="t0"><tr><th colspan="4">Default test &#8212; failed</th></tr><tr class="failedeven"><td rowspan="1">pkg.AppDirectRegistrationPage</td><td><a href="#m0">LoginPage</a></td><td rowspan="1">1452546350092</td><td rowspan="1">30073</td></tr><tr><th colspan="4">Default test &#8212; passed</th></tr><tr class="passedeven"><td rowspan="6">pkg.AppDirectRegistrationPage</td><td><a href="#m1">signup</a></td><td rowspan="6">1452546392933</td><td rowspan="6">2654</td></tr><tr class="passedeven"><td><a href="#m2">signup</a></td></tr><tr class="passedeven"><td><a href="#m3">signup</a></td></tr><tr class="passedeven"><td><a href="#m4">signup</a></td></tr><tr class="passedeven"><td><a href="#m5">signup</a></td></tr><tr class="passedeven"><td><a href="#m6">signup</a></td></tr></tbody></table><h2>Default test</h2><h3 id="m0">pkg.AppDirectRegistrationPage#LoginPage</h3><table class="result"><tr><th>Exception</th></tr><tr><td><div class="stacktrace">org.openqa.selenium.NoSuchElementException: Unable to locate element: {&quot;method&quot;:&quot;xpath&quot;,&quot;selector&quot;:&quot;//div[@class=&apos;round-white-cont&apos;]/h2&quot;}
Command duration or timeout: 30.04 seconds
For documentation on this error, please visit: http://seleniumhq.org/exceptions/no_such_element.html
Build info: version: &apos;2.48.1&apos;, revision: &apos;d80083d8f7b0b0319976ef9712f7a2b531abaceb&apos;, time: &apos;2015-10-08 14:16:53&apos;
System info: host: &apos;Akshats-MacBook-Pro.local&apos;, ip: &apos;10.0.0.64&apos;, os.name: &apos;Mac OS X&apos;, os.arch: &apos;x86_64&apos;, os.version: &apos;10.10.5&apos;, java.version: &apos;1.7.0_75&apos;
*** Element info: {Using=xpath, value=//div[@class=&apos;round-white-cont&apos;]/h2}
Session ID: e8437c7b-03d3-a04c-8d1b-61610144b983
Driver info: org.openqa.selenium.firefox.FirefoxDriver
Capabilities [{platform=MAC, acceptSslCerts=true, javascriptEnabled=true, cssSelectorsEnabled=true, databaseEnabled=true, browserName=firefox, handlesAlerts=true, nativeEvents=false, webStorageEnabled=true, rotatable=false, locationContextEnabled=true, applicationCacheEnabled=true, takesScreenshot=true, version=43.0.4}]
	at sun.reflect.NativeConstructorAccessorImpl.newInstance0(Native Method)
	at sun.reflect.NativeConstructorAccessorImpl.newInstance(NativeConstructorAccessorImpl.java:57)
	at sun.reflect.DelegatingConstructorAccessorImpl.newInstance(DelegatingConstructorAccessorImpl.java:45)
	at java.lang.reflect.Constructor.newInstance(Constructor.java:526)
	at org.openqa.selenium.remote.ErrorHandler.createThrowable(ErrorHandler.java:206)
	at org.openqa.selenium.remote.ErrorHandler.throwIfResponseFailed(ErrorHandler.java:158)
	at org.openqa.selenium.remote.RemoteWebDriver.execute(RemoteWebDriver.java:647)
	at org.openqa.selenium.remote.RemoteWebDriver.findElement(RemoteWebDriver.java:353)
	at org.openqa.selenium.remote.RemoteWebDriver.findElementByXPath(RemoteWebDriver.java:490)
	at org.openqa.selenium.By$ByXPath.findElement(By.java:361)
	at org.openqa.selenium.remote.RemoteWebDriver.findElement(RemoteWebDriver.java:345)
	at pkg.AppDirectHomePageTest.LoginPage(AppDirectHomePageTest.java:40)
	at sun.reflect.NativeMethodAccessorImpl.invoke0(Native Method)
	at sun.reflect.NativeMethodAccessorImpl.invoke(NativeMethodAccessorImpl.java:57)
	at sun.reflect.DelegatingMethodAccessorImpl.invoke(DelegatingMethodAccessorImpl.java:43)
	at java.lang.reflect.Method.invoke(Method.java:606)
	at org.testng.internal.MethodInvocationHelper.invokeMethod(MethodInvocationHelper.java:86)
	at org.testng.internal.Invoker.invokeMethod(Invoker.java:645)
	at org.testng.internal.Invoker.invokeTestMethod(Invoker.java:822)
	at org.testng.internal.Invoker.invokeTestMethods(Invoker.java:1130)
	at org.testng.internal.TestMethodWorker.invokeTestMethods(TestMethodWorker.java:129)
	at org.testng.internal.TestMethodWorker.run(TestMethodWorker.java:112)
	at org.testng.TestRunner.privateRun(TestRunner.java:782)
	at org.testng.TestRunner.run(TestRunner.java:632)
	at org.testng.SuiteRunner.runTest(SuiteRunner.java:366)
	at org.testng.SuiteRunner.runSequentially(SuiteRunner.java:361)
	at org.testng.SuiteRunner.privateRun(SuiteRunner.java:319)
	at org.testng.SuiteRunner.run(SuiteRunner.java:268)
	at org.testng.SuiteRunnerWorker.runSuite(SuiteRunnerWorker.java:52)
	at org.testng.SuiteRunnerWorker.run(SuiteRunnerWorker.java:86)
	at org.testng.TestNG.runSuitesSequentially(TestNG.java:1244)
	at org.testng.TestNG.runSuitesLocally(TestNG.java:1169)
	at org.testng.TestNG.run(TestNG.java:1064)
	at org.testng.remote.RemoteTestNG.run(RemoteTestNG.java:113)
	at org.testng.remote.RemoteTestNG.initAndRun(RemoteTestNG.java:206)
	at org.testng.remote.RemoteTestNG.main(RemoteTestNG.java:177)
Caused by: org.openqa.selenium.NoSuchElementException: Unable to locate element: {&quot;method&quot;:&quot;xpath&quot;,&quot;selector&quot;:&quot;//div[@class=&apos;round-white-cont&apos;]/h2&quot;}
For documentation on this error, please visit: http://seleniumhq.org/exceptions/no_such_element.html
Build info: version: &apos;2.48.1&apos;, revision: &apos;d80083d8f7b0b0319976ef9712f7a2b531abaceb&apos;, time: &apos;2015-10-08 14:16:53&apos;
System info: host: &apos;Akshats-MacBook-Pro.local&apos;, ip: &apos;10.0.0.64&apos;, os.name: &apos;Mac OS X&apos;, os.arch: &apos;x86_64&apos;, os.version: &apos;10.10.5&apos;, java.version: &apos;1.7.0_75&apos;
Driver info: driver.version: unknown
	at &lt;anonymous class&gt;.FirefoxDriver.prototype.findElementInternal_(file:///var/folders/8t/v4frdyn11vz5sy848hjcd2400000gn/T/anonymous5180565075307204579webdriver-profile/extensions/fxdriver@googlecode.com/components/driver-component.js:10659)
	at &lt;anonymous class&gt;.fxdriver.Timer.prototype.setTimeout/&lt;.notify(file:///var/folders/8t/v4frdyn11vz5sy848hjcd2400000gn/T/anonymous5180565075307204579webdriver-profile/extensions/fxdriver@googlecode.com/components/driver-component.js:621)
</div></td></tr></table><p class="totop"><a href="#summary">back to summary</a></p><h3 id="m1">pkg.AppDirectRegistrationPage#signup</h3><table class="result"><tr class="param"><th>Parameter #1</th></tr><tr class="param stripe"><td>......xxx....</td></tr></table><p class="totop"><a href="#summary">back to summary</a></p><h3 id="m2">pkg.AppDirectRegistrationPage#signup</h3><table class="result"><tr class="param"><th>Parameter #1</th></tr><tr class="param stripe"><td> </td></tr></table><p class="totop"><a href="#summary">back to summary</a></p><h3 id="m3">pkg.AppDirectRegistrationPage#signup</h3><table class="result"><tr class="param"><th>Parameter #1</th></tr><tr class="param stripe"><td>121223</td></tr></table><p class="totop"><a href="#summary">back to summary</a></p><h3 id="m4">pkg.AppDirectRegistrationPage#signup</h3><table class="result"><tr class="param"><th>Parameter #1</th></tr><tr class="param stripe"><td>akshat111@gmail.com</td></tr></table><p class="totop"><a href="#summary">back to summary</a></p><h3 id="m5">pkg.AppDirectRegistrationPage#signup</h3><table class="result"><tr class="param"><th>Parameter #1</th></tr><tr class="param stripe"><td>akshatpkg@somedomain.com</td></tr></table><p class="totop"><a href="#summary">back to summary</a></p><h3 id="m6">pkg.AppDirectRegistrationPage#signup</h3><table class="result"><tr class="param"><th>Parameter #1</th></tr><tr class="param stripe"><td>xyz@gmail.com</td></tr></table><p class="totop"><a href="#summary">back to summary</a></p></body></html>