<?xml version="1.0" encoding="UTF-8"?>
<testng-results skipped="0" failed="1" total="7" passed="6">
  <reporter-output>
  </reporter-output>
  <suite name="Default suite" duration-ms="90464" started-at="2016-01-11T21:05:05Z" finished-at="2016-01-11T21:06:35Z">
    <groups>
    </groups>
    <test name="Default test" duration-ms="90464" started-at="2016-01-11T21:05:05Z" finished-at="2016-01-11T21:06:35Z">
      <class name="pkg.AppDirectRegistrationPage">
        <test-method status="PASS" signature="beforeTest()[pri:0, instance:pkg.AppDirectRegistrationPage@740355a4]" name="beforeTest" is-config="true" duration-ms="38600" started-at="2016-01-11T13:05:05Z" finished-at="2016-01-11T13:05:43Z">
          <reporter-output>
          </reporter-output>
        </test-method> <!-- beforeTest -->
        <test-method status="PASS" signature="Setup()[pri:0, instance:pkg.AppDirectRegistrationPage@740355a4]" name="Setup" is-config="true" duration-ms="6224" started-at="2016-01-11T13:05:43Z" depends-on-methods="pkg.AppDirectHomePageTest.beforeTest" finished-at="2016-01-11T13:05:50Z">
          <reporter-output>
          </reporter-output>
        </test-method> <!-- Setup -->
        <test-method status="FAIL" signature="LoginPage()[pri:0, instance:pkg.AppDirectRegistrationPage@740355a4]" name="LoginPage" duration-ms="30073" started-at="2016-01-11T13:05:50Z" finished-at="2016-01-11T13:06:20Z">
          <exception class="org.openqa.selenium.NoSuchElementException">
            <message>
              <![CDATA[Unable to locate element: {"method":"xpath","selector":"//div[@class='round-white-cont']/h2"}
Command duration or timeout: 30.04 seconds
For documentation on this error, please visit: http://seleniumhq.org/exceptions/no_such_element.html
Build info: version: '2.48.1', revision: 'd80083d8f7b0b0319976ef9712f7a2b531abaceb', time: '2015-10-08 14:16:53'
System info: host: 'Akshats-MacBook-Pro.local', ip: '10.0.0.64', os.name: 'Mac OS X', os.arch: 'x86_64', os.version: '10.10.5', java.version: '1.7.0_75'
*** Element info: {Using=xpath, value=//div[@class='round-white-cont']/h2}
Session ID: e8437c7b-03d3-a04c-8d1b-61610144b983
Driver info: org.openqa.selenium.firefox.FirefoxDriver
Capabilities [{platform=MAC, acceptSslCerts=true, javascriptEnabled=true, cssSelectorsEnabled=true, databaseEnabled=true, browserName=firefox, handlesAlerts=true, nativeEvents=false, webStorageEnabled=true, rotatable=false, locationContextEnabled=true, applicationCacheEnabled=true, takesScreenshot=true, version=43.0.4}]]]>
            </message>
            <full-stacktrace>
              <![CDATA[org.openqa.selenium.NoSuchElementException: Unable to locate element: {"method":"xpath","selector":"//div[@class='round-white-cont']/h2"}
Command duration or timeout: 30.04 seconds
For documentation on this error, please visit: http://seleniumhq.org/exceptions/no_such_element.html
Build info: version: '2.48.1', revision: 'd80083d8f7b0b0319976ef9712f7a2b531abaceb', time: '2015-10-08 14:16:53'
System info: host: 'Akshats-MacBook-Pro.local', ip: '10.0.0.64', os.name: 'Mac OS X', os.arch: 'x86_64', os.version: '10.10.5', java.version: '1.7.0_75'
*** Element info: {Using=xpath, value=//div[@class='round-white-cont']/h2}
Session ID: e8437c7b-03d3-a04c-8d1b-61610144b983
Driver info: org.openqa.selenium.firefox.FirefoxDriver
Capabilities [{platform=MAC, acceptSslCerts=true, javascriptEnabled=true, cssSelectorsEnabled=true, databaseEnabled=true, browserName=firefox, handlesAlerts=true, nativeEvents=false, webStorageEnabled=true, rotatable=false, locationContextEnabled=true, applicationCacheEnabled=true, takesScreenshot=true, version=43.0.4}]
	at sun.reflect.NativeConstructorAccessorImpl.newInstance0(Native Method)
	at sun.reflect.NativeConstructorAccessorImpl.newInstance(NativeConstructorAccessorImpl.java:57)
	at sun.reflect.DelegatingConstructorAccessorImpl.newInstance(DelegatingConstructorAccessorImpl.java:45)
	at java.lang.reflect.Constructor.newInstance(Constructor.java:526)
	at org.openqa.selenium.remote.ErrorHandler.createThrowable(ErrorHandler.java:206)
	at org.openqa.selenium.remote.ErrorHandler.throwIfResponseFailed(ErrorHandler.java:158)
	at org.openqa.selenium.remote.RemoteWebDriver.execute(RemoteWebDriver.java:647)
	at org.openqa.selenium.remote.RemoteWebDriver.findElement(RemoteWebDriver.java:353)
	at org.openqa.selenium.remote.RemoteWebDriver.findElementByXPath(RemoteWebDriver.java:490)
	at org.openqa.selenium.By$ByXPath.findElement(By.java:361)
	at org.openqa.selenium.remote.RemoteWebDriver.findElement(RemoteWebDriver.java:345)
	at pkg.AppDirectHomePageTest.LoginPage(AppDirectHomePageTest.java:40)
	at sun.reflect.NativeMethodAccessorImpl.invoke0(Native Method)
	at sun.reflect.NativeMethodAccessorImpl.invoke(NativeMethodAccessorImpl.java:57)
	at sun.reflect.DelegatingMethodAccessorImpl.invoke(DelegatingMethodAccessorImpl.java:43)
	at java.lang.reflect.Method.invoke(Method.java:606)
	at org.testng.internal.MethodInvocationHelper.invokeMethod(MethodInvocationHelper.java:86)
	at org.testng.internal.Invoker.invokeMethod(Invoker.java:645)
	at org.testng.internal.Invoker.invokeTestMethod(Invoker.java:822)
	at org.testng.internal.Invoker.invokeTestMethods(Invoker.java:1130)
	at org.testng.internal.TestMethodWorker.invokeTestMethods(TestMethodWorker.java:129)
	at org.testng.internal.TestMethodWorker.run(TestMethodWorker.java:112)
	at org.testng.TestRunner.privateRun(TestRunner.java:782)
	at org.testng.TestRunner.run(TestRunner.java:632)
	at org.testng.SuiteRunner.runTest(SuiteRunner.java:366)
	at org.testng.SuiteRunner.runSequentially(SuiteRunner.java:361)
	at org.testng.SuiteRunner.privateRun(SuiteRunner.java:319)
	at org.testng.SuiteRunner.run(SuiteRunner.java:268)
	at org.testng.SuiteRunnerWorker.runSuite(SuiteRunnerWorker.java:52)
	at org.testng.SuiteRunnerWorker.run(SuiteRunnerWorker.java:86)
	at org.testng.TestNG.runSuitesSequentially(TestNG.java:1244)
	at org.testng.TestNG.runSuitesLocally(TestNG.java:1169)
	at org.testng.TestNG.run(TestNG.java:1064)
	at org.testng.remote.RemoteTestNG.run(RemoteTestNG.java:113)
	at org.testng.remote.RemoteTestNG.initAndRun(RemoteTestNG.java:206)
	at org.testng.remote.RemoteTestNG.main(RemoteTestNG.java:177)
Caused by: org.openqa.selenium.NoSuchElementException: Unable to locate element: {"method":"xpath","selector":"//div[@class='round-white-cont']/h2"}
For documentation on this error, please visit: http://seleniumhq.org/exceptions/no_such_element.html
Build info: version: '2.48.1', revision: 'd80083d8f7b0b0319976ef9712f7a2b531abaceb', time: '2015-10-08 14:16:53'
System info: host: 'Akshats-MacBook-Pro.local', ip: '10.0.0.64', os.name: 'Mac OS X', os.arch: 'x86_64', os.version: '10.10.5', java.version: '1.7.0_75'
Driver info: driver.version: unknown
	at <anonymous class>.FirefoxDriver.prototype.findElementInternal_(file:///var/folders/8t/v4frdyn11vz5sy848hjcd2400000gn/T/anonymous5180565075307204579webdriver-profile/extensions/fxdriver@googlecode.com/components/driver-component.js:10659)
	at <anonymous class>.fxdriver.Timer.prototype.setTimeout/<.notify(file:///var/folders/8t/v4frdyn11vz5sy848hjcd2400000gn/T/anonymous5180565075307204579webdriver-profile/extensions/fxdriver@googlecode.com/components/driver-component.js:621)
]]>
            </full-stacktrace>
          </exception> <!-- org.openqa.selenium.NoSuchElementException -->
          <reporter-output>
          </reporter-output>
        </test-method> <!-- LoginPage -->
        <test-method status="PASS" signature="signup(java.lang.String)[pri:0, instance:pkg.AppDirectRegistrationPage@740355a4]" name="signup" duration-ms="2836" started-at="2016-01-11T13:06:20Z" data-provider="emailaddress" finished-at="2016-01-11T13:06:23Z">
          <params>
            <param index="0">
              <value>
                <![CDATA[akshat111@gmail.com]]>
              </value>
            </param>
          </params>
          <reporter-output>
          </reporter-output>
        </test-method> <!-- signup -->
        <test-method status="PASS" signature="signup(java.lang.String)[pri:0, instance:pkg.AppDirectRegistrationPage@740355a4]" name="signup" duration-ms="2299" started-at="2016-01-11T13:06:23Z" data-provider="emailaddress" finished-at="2016-01-11T13:06:25Z">
          <params>
            <param index="0">
              <value>
                <![CDATA[akshatpkg@somedomain.com]]>
              </value>
            </param>
          </params>
          <reporter-output>
          </reporter-output>
        </test-method> <!-- signup -->
        <test-method status="PASS" signature="signup(java.lang.String)[pri:0, instance:pkg.AppDirectRegistrationPage@740355a4]" name="signup" duration-ms="2738" started-at="2016-01-11T13:06:25Z" data-provider="emailaddress" finished-at="2016-01-11T13:06:28Z">
          <params>
            <param index="0">
              <value>
                <![CDATA[ ]]>
              </value>
            </param>
          </params>
          <reporter-output>
          </reporter-output>
        </test-method> <!-- signup -->
        <test-method status="PASS" signature="signup(java.lang.String)[pri:0, instance:pkg.AppDirectRegistrationPage@740355a4]" name="signup" duration-ms="2420" started-at="2016-01-11T13:06:28Z" data-provider="emailaddress" finished-at="2016-01-11T13:06:30Z">
          <params>
            <param index="0">
              <value>
                <![CDATA[xyz@gmail.com]]>
              </value>
            </param>
          </params>
          <reporter-output>
          </reporter-output>
        </test-method> <!-- signup -->
        <test-method status="PASS" signature="signup(java.lang.String)[pri:0, instance:pkg.AppDirectRegistrationPage@740355a4]" name="signup" duration-ms="2461" started-at="2016-01-11T13:06:30Z" data-provider="emailaddress" finished-at="2016-01-11T13:06:32Z">
          <params>
            <param index="0">
              <value>
                <![CDATA[121223]]>
              </value>
            </param>
          </params>
          <reporter-output>
          </reporter-output>
        </test-method> <!-- signup -->
        <test-method status="PASS" signature="signup(java.lang.String)[pri:0, instance:pkg.AppDirectRegistrationPage@740355a4]" name="signup" duration-ms="2654" started-at="2016-01-11T13:06:32Z" data-provider="emailaddress" finished-at="2016-01-11T13:06:35Z">
          <params>
            <param index="0">
              <value>
                <![CDATA[......xxx....]]>
              </value>
            </param>
          </params>
          <reporter-output>
          </reporter-output>
        </test-method> <!-- signup -->
        <test-method status="PASS" signature="teardown()[pri:0, instance:pkg.AppDirectRegistrationPage@740355a4]" name="teardown" is-config="true" duration-ms="126" started-at="2016-01-11T13:06:35Z" finished-at="2016-01-11T13:06:35Z">
          <reporter-output>
          </reporter-output>
        </test-method> <!-- teardown -->
        <test-method status="PASS" signature="afterTest()[pri:0, instance:pkg.AppDirectRegistrationPage@740355a4]" name="afterTest" is-config="true" duration-ms="5" started-at="2016-01-11T13:06:35Z" depends-on-methods="pkg.AppDirectRegistrationPage.teardown" finished-at="2016-01-11T13:06:35Z">
          <reporter-output>
          </reporter-output>
        </test-method> <!-- afterTest -->
      </class> <!-- pkg.AppDirectRegistrationPage -->
    </test> <!-- Default test -->
  </suite> <!-- Default suite -->
</testng-results>
